<?xml version="1.0" encoding="UTF-8"?>
<!-- Generated by org.testng.reporters.JUnitXMLReporter -->
<testsuite ignored="0" hostname="AP-PF5D0RVY" failures="0" tests="7" name="OpenCartTest" time="78.147" errors="0" timestamp="2026-05-19T16:46:22 IST">
  <testcase classname="testcases.Tc001_AccountRegistrationTest" name="verify_account_registration" time="3.939"/>
  <testcase classname="testcases.TC002_LoginTest" name="verify_login" time="2.425"/>
  <testcase classname="testcases.TC003_LoginDDT" name="verify_login_DDT" time="3.828"/>
  <testcase classname="testcases.TC003_LoginDDT" name="verify_login_DDT" time="3.312"/>
  <testcase classname="testcases.TC003_LoginDDT" name="verify_login_DDT" time="12.671"/>
  <testcase classname="testcases.TC003_LoginDDT" name="verify_login_DDT" time="13.206"/>
  <testcase classname="testcases.TC003_LoginDDT" name="verify_login_DDT" time="3.742"/>
</testsuite> <!-- OpenCartTest -->
