<?xml version="1.0" encoding="UTF-8"?>
<!-- Generated by org.testng.reporters.JUnitXMLReporter -->
<testsuite ignored="0" hostname="AP-PF5D0RVY" failures="0" tests="7" name="Test" time="71.703" errors="0" timestamp="2026-05-20T14:35:21 IST">
  <testcase classname="testcases.Tc001_AccountRegistrationTest" name="verify_account_registration" time="2.919"/>
  <testcase classname="testcases.TC002_LoginTest" name="verify_login" time="1.791"/>
  <testcase classname="testcases.TC003_LoginDDT" name="verify_login_DDT" time="2.788"/>
  <testcase classname="testcases.TC003_LoginDDT" name="verify_login_DDT" time="2.738"/>
  <testcase classname="testcases.TC003_LoginDDT" name="verify_login_DDT" time="12.414"/>
  <testcase classname="testcases.TC003_LoginDDT" name="verify_login_DDT" time="12.416"/>
  <testcase classname="testcases.TC003_LoginDDT" name="verify_login_DDT" time="4.15"/>
</testsuite> <!-- Test -->
