<?xml version="1.0" encoding="UTF-8"?>
<!-- Generated by org.testng.reporters.JUnitXMLReporter -->
<testsuite ignored="0" hostname="AP-PF5D0RVY" failures="0" tests="7" name="Test" time="75.391" errors="0" timestamp="2026-05-20T15:10:27 IST">
  <testcase classname="testcases.Tc001_AccountRegistrationTest" name="verify_account_registration" time="1.935"/>
  <testcase classname="testcases.TC002_LoginTest" name="verify_login" time="1.364"/>
  <testcase classname="testcases.TC003_LoginDDT" name="verify_login_DDT" time="2.816"/>
  <testcase classname="testcases.TC003_LoginDDT" name="verify_login_DDT" time="2.773"/>
  <testcase classname="testcases.TC003_LoginDDT" name="verify_login_DDT" time="12.307"/>
  <testcase classname="testcases.TC003_LoginDDT" name="verify_login_DDT" time="17.377"/>
  <testcase classname="testcases.TC003_LoginDDT" name="verify_login_DDT" time="3.475"/>
</testsuite> <!-- Test -->
