<?xml version="1.0" encoding="UTF-8"?>
<testsuite xmlns:xsi="http://www.w3.org/2001/XMLSchema-instance" xsi:noNamespaceSchemaLocation="https://maven.apache.org/surefire/maven-surefire-plugin/xsd/surefire-test-report-3.0.xsd" version="3.0" name="TestSuite" time="76.817" tests="7" errors="0" skipped="0" failures="0">
  <properties>
[...]
</properties>
  <testcase name="verify_account_registration" classname="testcases.Tc001_AccountRegistrationTest" time="1.944">
    <system-out><![CDATA[Connecting to Selenium Grid...
Grid Connected Successfully
15:09:17 [INFO ] Application Launched
15:09:17 [INFO ] ***** Starting Registration Test *****
15:09:19 [INFO ] Registration Passed
]]></system-out>
    <system-err><![CDATA[SLF4J: Failed to load class "org.slf4j.impl.StaticLoggerBinder".
SLF4J: Defaulting to no-operation (NOP) logger implementation
SLF4J: See http://www.slf4j.org/codes.html#StaticLoggerBinder for further details.
May 20, 2026 3:09:12 PM org.openqa.selenium.remote.tracing.opentelemetry.OpenTelemetryTracer createTracer
INFO: Using OpenTelemetry for tracing
]]></system-err>
  </testcase>
  <testcase name="verify_login" classname="testcases.TC002_LoginTest" time="1.363">
    <system-out><![CDATA[15:09:19 [INFO ] Browser Closed
Connecting to Selenium Grid...
Grid Connected Successfully
15:09:23 [INFO ] Application Launched
15:09:23 [INFO ] ***** Starting Login Test *****
Email is: pavantraining123@gmail.com
Password is: Test@123
15:09:25 [INFO ] Login Passed
15:09:25 [INFO ] ***** Finished Login Test *****
]]></system-out>
  </testcase>
  <testcase name="verify_login_DDT[narayanammamaguluri@gmail.com, Test@123, Valid](1)" classname="testcases.TC003_LoginDDT" time="2.828">
    <system-out><![CDATA[15:09:25 [INFO ] Browser Closed
Connecting to Selenium Grid...
Grid Connected Successfully
15:09:30 [INFO ] Application Launched
15:09:30 [INFO ] ***** Starting TC003_LoginDDT *****
15:09:30 [INFO ] Clicking My Account
15:09:30 [INFO ] Clicking Login
15:09:30 [INFO ] Entering Email
15:09:30 [INFO ] Entering Password
15:09:30 [INFO ] Clicking Login Button
15:09:31 [INFO ] Login Passed with Valid Data
15:09:33 [INFO ] ***** Finished TC003_LoginDDT *****
]]></system-out>
  </testcase>
  <testcase name="verify_login_DDT[pavantraining123@gmail.com, Test@123, Valid](2)" classname="testcases.TC003_LoginDDT" time="2.778">
    <system-out><![CDATA[15:09:33 [INFO ] Browser Closed
Connecting to Selenium Grid...
Grid Connected Successfully
15:09:37 [INFO ] Application Launched
15:09:37 [INFO ] ***** Starting TC003_LoginDDT *****
15:09:37 [INFO ] Clicking My Account
15:09:37 [INFO ] Clicking Login
15:09:37 [INFO ] Entering Email
15:09:37 [INFO ] Entering Password
15:09:37 [INFO ] Clicking Login Button
15:09:38 [INFO ] Login Passed with Valid Data
15:09:40 [INFO ] ***** Finished TC003_LoginDDT *****
]]></system-out>
  </testcase>
  <testcase name="verify_login_DDT[wrong122@gmail.com, Test@123, Invalid](3)" classname="testcases.TC003_LoginDDT" time="12.309">
    <system-out><![CDATA[15:09:40 [INFO ] Browser Closed
Connecting to Selenium Grid...
Grid Connected Successfully
15:09:44 [INFO ] Application Launched
15:09:44 [INFO ] ***** Starting TC003_LoginDDT *****
15:09:44 [INFO ] Clicking My Account
15:09:44 [INFO ] Clicking Login
15:09:44 [INFO ] Entering Email
15:09:44 [INFO ] Entering Password
15:09:44 [INFO ] Clicking Login Button
15:09:55 [INFO ] Login Failed as Expected
15:09:56 [INFO ] ***** Finished TC003_LoginDDT *****
]]></system-out>
  </testcase>
  <testcase name="verify_login_DDT[wrong@gmail.com, wrong123, Invalid](4)" classname="testcases.TC003_LoginDDT" time="17.424">
    <system-out><![CDATA[15:09:56 [INFO ] Browser Closed
Connecting to Selenium Grid...
Grid Connected Successfully
15:10:00 [INFO ] Application Launched
15:10:00 [INFO ] ***** Starting TC003_LoginDDT *****
15:10:00 [INFO ] Clicking My Account
15:10:00 [INFO ] Clicking Login
15:10:01 [INFO ] Entering Email
15:10:01 [INFO ] Entering Password
15:10:01 [INFO ] Clicking Login Button
15:10:17 [INFO ] Login Failed as Expected
15:10:18 [INFO ] ***** Finished TC003_LoginDDT *****
]]></system-out>
  </testcase>
  <testcase name="verify_login_DDT[narayanammamaguluri@gmail.com, Test@123, Valid](5)" classname="testcases.TC003_LoginDDT" time="3.477">
    <system-out><![CDATA[15:10:18 [INFO ] Browser Closed
Connecting to Selenium Grid...
Grid Connected Successfully
15:10:23 [INFO ] Application Launched
15:10:23 [INFO ] ***** Starting TC003_LoginDDT *****
15:10:23 [INFO ] Clicking My Account
15:10:23 [INFO ] Clicking Login
15:10:23 [INFO ] Entering Email
15:10:23 [INFO ] Entering Password
15:10:23 [INFO ] Clicking Login Button
15:10:25 [INFO ] Login Passed with Valid Data
15:10:26 [INFO ] ***** Finished TC003_LoginDDT *****
]]></system-out>
  </testcase>
</testsuite>