<?xml version="1.0" encoding="UTF-8"?>
<testng-results ignored="0" total="7" passed="7" failed="0" skipped="0">
  <reporter-output>
  </reporter-output>
  <suite started-at="2026-05-20T14:34:08 IST" name="Suite" finished-at="2026-05-20T14:35:20 IST" duration-ms="71703">
    <groups>
      <group name="Master">
        <method signature="TC002_LoginTest.verify_login()[pri:0, instance:testcases.TC002_LoginTest@206a70ef]" name="verify_login" class="testcases.TC002_LoginTest"/>
        <method signature="Tc001_AccountRegistrationTest.verify_account_registration()[pri:0, instance:testcases.Tc001_AccountRegistrationTest@3270d194]" name="verify_account_registration" class="testcases.Tc001_AccountRegistrationTest"/>
      </group> <!-- Master -->
      <group name="Sanity">
        <method signature="TC002_LoginTest.verify_login()[pri:0, instance:testcases.TC002_LoginTest@206a70ef]" name="verify_login" class="testcases.TC002_LoginTest"/>
      </group> <!-- Sanity -->
      <group name="Regression">
        <method signature="Tc001_AccountRegistrationTest.verify_account_registration()[pri:0, instance:testcases.Tc001_AccountRegistrationTest@3270d194]" name="verify_account_registration" class="testcases.Tc001_AccountRegistrationTest"/>
      </group> <!-- Regression -->
      <group name="Datadriven">
        <method signature="TC003_LoginDDT.verify_login_DDT(java.lang.String,java.lang.String,java.lang.String)[pri:0, instance:testcases.TC003_LoginDDT@292b08d6]" name="verify_login_DDT" class="testcases.TC003_LoginDDT"/>
      </group> <!-- Datadriven -->
    </groups>
    <test started-at="2026-05-20T14:34:08 IST" name="Test" finished-at="2026-05-20T14:35:20 IST" duration-ms="71703">
      <class name="testcases.TC003_LoginDDT">
        <test-method is-config="true" signature="setup(java.lang.String,java.lang.String)[pri:0, instance:testcases.TC003_LoginDDT@292b08d6]" started-at="2026-05-20T14:34:25 IST" name="setup" finished-at="2026-05-20T14:34:29 IST" duration-ms="3984" status="PASS">
          <params>
            <param index="0">
              <value>
                <![CDATA[chrome]]>
              </value>
            </param>
            <param index="1">
              <value>
                <![CDATA[windows]]>
              </value>
            </param>
          </params>
          <reporter-output>
          </reporter-output>
        </test-method> <!-- setup -->
        <test-method signature="verify_login_DDT(java.lang.String,java.lang.String,java.lang.String)[pri:0, instance:testcases.TC003_LoginDDT@292b08d6]" started-at="2026-05-20T14:34:29 IST" name="verify_login_DDT" data-provider="LoginData" finished-at="2026-05-20T14:34:32 IST" duration-ms="2788" status="PASS">
          <params>
            <param index="0">
              <value>
                <![CDATA[narayanammamaguluri@gmail.com]]>
              </value>
            </param>
            <param index="1">
              <value>
                <![CDATA[Test@123]]>
              </value>
            </param>
            <param index="2">
              <value>
                <![CDATA[Valid]]>
              </value>
            </param>
          </params>
          <reporter-output>
          </reporter-output>
        </test-method> <!-- verify_login_DDT -->
        <test-method is-config="true" signature="tearDown()[pri:0, instance:testcases.TC003_LoginDDT@292b08d6]" started-at="2026-05-20T14:34:32 IST" name="tearDown" finished-at="2026-05-20T14:34:32 IST" duration-ms="87" status="PASS">
          <reporter-output>
          </reporter-output>
        </test-method> <!-- tearDown -->
        <test-method is-config="true" signature="setup(java.lang.String,java.lang.String)[pri:0, instance:testcases.TC003_LoginDDT@292b08d6]" started-at="2026-05-20T14:34:32 IST" name="setup" finished-at="2026-05-20T14:34:36 IST" duration-ms="4025" status="PASS">
          <params>
            <param index="0">
              <value>
                <![CDATA[chrome]]>
              </value>
            </param>
            <param index="1">
              <value>
                <![CDATA[windows]]>
              </value>
            </param>
          </params>
          <reporter-output>
          </reporter-output>
        </test-method> <!-- setup -->
        <test-method signature="verify_login_DDT(java.lang.String,java.lang.String,java.lang.String)[pri:0, instance:testcases.TC003_LoginDDT@292b08d6]" started-at="2026-05-20T14:34:36 IST" name="verify_login_DDT" data-provider="LoginData" finished-at="2026-05-20T14:34:38 IST" duration-ms="2738" status="PASS">
          <params>
            <param index="0">
              <value>
                <![CDATA[pavantraining123@gmail.com]]>
              </value>
            </param>
            <param index="1">
              <value>
                <![CDATA[Test@123]]>
              </value>
            </param>
            <param index="2">
              <value>
                <![CDATA[Valid]]>
              </value>
            </param>
          </params>
          <reporter-output>
          </reporter-output>
        </test-method> <!-- verify_login_DDT -->
        <test-method is-config="true" signature="tearDown()[pri:0, instance:testcases.TC003_LoginDDT@292b08d6]" started-at="2026-05-20T14:34:38 IST" name="tearDown" finished-at="2026-05-20T14:34:38 IST" duration-ms="101" status="PASS">
          <reporter-output>
          </reporter-output>
        </test-method> <!-- tearDown -->
        <test-method is-config="true" signature="setup(java.lang.String,java.lang.String)[pri:0, instance:testcases.TC003_LoginDDT@292b08d6]" started-at="2026-05-20T14:34:38 IST" name="setup" finished-at="2026-05-20T14:34:43 IST" duration-ms="4077" status="PASS">
          <params>
            <param index="0">
              <value>
                <![CDATA[chrome]]>
              </value>
            </param>
            <param index="1">
              <value>
                <![CDATA[windows]]>
              </value>
            </param>
          </params>
          <reporter-output>
          </reporter-output>
        </test-method> <!-- setup -->
        <test-method signature="verify_login_DDT(java.lang.String,java.lang.String,java.lang.String)[pri:0, instance:testcases.TC003_LoginDDT@292b08d6]" started-at="2026-05-20T14:34:43 IST" name="verify_login_DDT" data-provider="LoginData" finished-at="2026-05-20T14:34:55 IST" duration-ms="12414" status="PASS">
          <params>
            <param index="0">
              <value>
                <![CDATA[wrong122@gmail.com]]>
              </value>
            </param>
            <param index="1">
              <value>
                <![CDATA[Test@123]]>
              </value>
            </param>
            <param index="2">
              <value>
                <![CDATA[Invalid]]>
              </value>
            </param>
          </params>
          <reporter-output>
          </reporter-output>
        </test-method> <!-- verify_login_DDT -->
        <test-method is-config="true" signature="tearDown()[pri:0, instance:testcases.TC003_LoginDDT@292b08d6]" started-at="2026-05-20T14:34:55 IST" name="tearDown" finished-at="2026-05-20T14:34:55 IST" duration-ms="94" status="PASS">
          <reporter-output>
          </reporter-output>
        </test-method> <!-- tearDown -->
        <test-method is-config="true" signature="setup(java.lang.String,java.lang.String)[pri:0, instance:testcases.TC003_LoginDDT@292b08d6]" started-at="2026-05-20T14:34:55 IST" name="setup" finished-at="2026-05-20T14:34:59 IST" duration-ms="3929" status="PASS">
          <params>
            <param index="0">
              <value>
                <![CDATA[chrome]]>
              </value>
            </param>
            <param index="1">
              <value>
                <![CDATA[windows]]>
              </value>
            </param>
          </params>
          <reporter-output>
          </reporter-output>
        </test-method> <!-- setup -->
        <test-method signature="verify_login_DDT(java.lang.String,java.lang.String,java.lang.String)[pri:0, instance:testcases.TC003_LoginDDT@292b08d6]" started-at="2026-05-20T14:34:59 IST" name="verify_login_DDT" data-provider="LoginData" finished-at="2026-05-20T14:35:11 IST" duration-ms="12416" status="PASS">
          <params>
            <param index="0">
              <value>
                <![CDATA[wrong@gmail.com]]>
              </value>
            </param>
            <param index="1">
              <value>
                <![CDATA[wrong123]]>
              </value>
            </param>
            <param index="2">
              <value>
                <![CDATA[Invalid]]>
              </value>
            </param>
          </params>
          <reporter-output>
          </reporter-output>
        </test-method> <!-- verify_login_DDT -->
        <test-method is-config="true" signature="tearDown()[pri:0, instance:testcases.TC003_LoginDDT@292b08d6]" started-at="2026-05-20T14:35:11 IST" name="tearDown" finished-at="2026-05-20T14:35:12 IST" duration-ms="104" status="PASS">
          <reporter-output>
          </reporter-output>
        </test-method> <!-- tearDown -->
        <test-method is-config="true" signature="setup(java.lang.String,java.lang.String)[pri:0, instance:testcases.TC003_LoginDDT@292b08d6]" started-at="2026-05-20T14:35:12 IST" name="setup" finished-at="2026-05-20T14:35:15 IST" duration-ms="3786" status="PASS">
          <params>
            <param index="0">
              <value>
                <![CDATA[chrome]]>
              </value>
            </param>
            <param index="1">
              <value>
                <![CDATA[windows]]>
              </value>
            </param>
          </params>
          <reporter-output>
          </reporter-output>
        </test-method> <!-- setup -->
        <test-method signature="verify_login_DDT(java.lang.String,java.lang.String,java.lang.String)[pri:0, instance:testcases.TC003_LoginDDT@292b08d6]" started-at="2026-05-20T14:35:15 IST" name="verify_login_DDT" data-provider="LoginData" finished-at="2026-05-20T14:35:19 IST" duration-ms="4150" status="PASS">
          <params>
            <param index="0">
              <value>
                <![CDATA[narayanammamaguluri@gmail.com]]>
              </value>
            </param>
            <param index="1">
              <value>
                <![CDATA[Test@123]]>
              </value>
            </param>
            <param index="2">
              <value>
                <![CDATA[Valid]]>
              </value>
            </param>
          </params>
          <reporter-output>
          </reporter-output>
        </test-method> <!-- verify_login_DDT -->
        <test-method is-config="true" signature="tearDown()[pri:0, instance:testcases.TC003_LoginDDT@292b08d6]" started-at="2026-05-20T14:35:19 IST" name="tearDown" finished-at="2026-05-20T14:35:20 IST" duration-ms="98" status="PASS">
          <reporter-output>
          </reporter-output>
        </test-method> <!-- tearDown -->
      </class> <!-- testcases.TC003_LoginDDT -->
      <class name="testcases.Tc001_AccountRegistrationTest">
        <test-method is-config="true" signature="setup(java.lang.String,java.lang.String)[pri:0, instance:testcases.Tc001_AccountRegistrationTest@3270d194]" started-at="2026-05-20T14:34:08 IST" name="setup" finished-at="2026-05-20T14:34:15 IST" duration-ms="6438" status="PASS">
          <params>
            <param index="0">
              <value>
                <![CDATA[chrome]]>
              </value>
            </param>
            <param index="1">
              <value>
                <![CDATA[windows]]>
              </value>
            </param>
          </params>
          <reporter-output>
          </reporter-output>
        </test-method> <!-- setup -->
        <test-method signature="verify_account_registration()[pri:0, instance:testcases.Tc001_AccountRegistrationTest@3270d194]" started-at="2026-05-20T14:34:15 IST" name="verify_account_registration" finished-at="2026-05-20T14:34:17 IST" duration-ms="2919" status="PASS">
          <reporter-output>
          </reporter-output>
        </test-method> <!-- verify_account_registration -->
        <test-method is-config="true" signature="tearDown()[pri:0, instance:testcases.Tc001_AccountRegistrationTest@3270d194]" started-at="2026-05-20T14:34:17 IST" name="tearDown" finished-at="2026-05-20T14:34:18 IST" duration-ms="91" status="PASS">
          <reporter-output>
          </reporter-output>
        </test-method> <!-- tearDown -->
      </class> <!-- testcases.Tc001_AccountRegistrationTest -->
      <class name="testcases.TC002_LoginTest">
        <test-method is-config="true" signature="setup(java.lang.String,java.lang.String)[pri:0, instance:testcases.TC002_LoginTest@206a70ef]" started-at="2026-05-20T14:34:18 IST" name="setup" finished-at="2026-05-20T14:34:22 IST" duration-ms="4493" status="PASS">
          <params>
            <param index="0">
              <value>
                <![CDATA[chrome]]>
              </value>
            </param>
            <param index="1">
              <value>
                <![CDATA[windows]]>
              </value>
            </param>
          </params>
          <reporter-output>
          </reporter-output>
        </test-method> <!-- setup -->
        <test-method signature="verify_login()[pri:0, instance:testcases.TC002_LoginTest@206a70ef]" started-at="2026-05-20T14:34:22 IST" name="verify_login" finished-at="2026-05-20T14:34:24 IST" duration-ms="1791" status="PASS">
          <reporter-output>
          </reporter-output>
        </test-method> <!-- verify_login -->
        <test-method is-config="true" signature="tearDown()[pri:0, instance:testcases.TC002_LoginTest@206a70ef]" started-at="2026-05-20T14:34:24 IST" name="tearDown" finished-at="2026-05-20T14:34:24 IST" duration-ms="84" status="PASS">
          <reporter-output>
          </reporter-output>
        </test-method> <!-- tearDown -->
      </class> <!-- testcases.TC002_LoginTest -->
    </test> <!-- Test -->
  </suite> <!-- Suite -->
</testng-results>
