<?xml version="1.0" encoding="UTF-8"?>
<!-- Generated by org.testng.reporters.JUnitReportReporter -->
<testsuite hostname="AP-PF5D0RVY" failures="0" tests="5" name="testcases.TC003_LoginDDT" time="54.791" errors="0" timestamp="2026-05-20T14:35:21 IST" skipped="0">
  <testcase classname="testcases.TC003_LoginDDT" name="verify_login_DDT" time="6.754"/>
  <testcase classname="testcases.TC003_LoginDDT" name="verify_login_DDT" time="6.675"/>
  <testcase classname="testcases.TC003_LoginDDT" name="verify_login_DDT" time="16.585"/>
  <testcase classname="testcases.TC003_LoginDDT" name="verify_login_DDT" time="16.504"/>
  <testcase classname="testcases.TC003_LoginDDT" name="verify_login_DDT" time="8.273"/>
</testsuite> <!-- testcases.TC003_LoginDDT -->
