<?xml version="1.0" encoding="UTF-8"?>
<!-- Generated by org.testng.reporters.JUnitReportReporter -->
<testsuite hostname="AP-PF5D0RVY" failures="0" tests="5" name="testcases.TC003_LoginDDT" time="60.461" errors="0" timestamp="2026-05-20T15:10:27 IST" skipped="0">
  <testcase classname="testcases.TC003_LoginDDT" name="verify_login_DDT" time="7.606"/>
  <testcase classname="testcases.TC003_LoginDDT" name="verify_login_DDT" time="16.701"/>
  <testcase classname="testcases.TC003_LoginDDT" name="verify_login_DDT" time="7.779"/>
  <testcase classname="testcases.TC003_LoginDDT" name="verify_login_DDT" time="6.882"/>
  <testcase classname="testcases.TC003_LoginDDT" name="verify_login_DDT" time="21.493"/>
</testsuite> <!-- testcases.TC003_LoginDDT -->
